Using pre-set license
Built from '2020.2/staging' branch; Version is '2020.2.3f1 (8ff31bc5bf5b) revision 9433883'; Using compiler version '192528614'; Build Type 'Release'
OS: 'Windows 10 Pro; OS build 19041.867; Version 2004; 64bit' Language: 'en' Physical Memory: 16311 MB
BatchMode: 1, IsHumanControllingUs: 0, StartBugReporterOnCrash: 0, Is64bit: 1, IsPro: 0

 COMMAND LINE ARGUMENTS:
H:\Unity Project\Unity\2020.2.3f1\Editor\Unity.exe
-adb2
-batchMode
-noUpm
-name
AssetImportWorker0
-projectPath
C:/Important Unity Project/Match-3-Hero
-logFile
Logs/AssetImportWorker0.log
-srvPort
62734
Successfully changed project path to: C:/Important Unity Project/Match-3-Hero
C:/Important Unity Project/Match-3-Hero
Using Asset Import Pipeline V2.
Refreshing native plugins compatible for Editor in 62.41 ms, found 1 plugins.
Preloading 0 native plugins for Editor in 0.00 ms.
Initialize engine version: 2020.2.3f1 (8ff31bc5bf5b)
[Subsystems] Discovering subsystems at path H:/Unity Project/Unity/2020.2.3f1/Editor/Data/Resources/UnitySubsystems
[Subsystems] Discovering subsystems at path C:/Important Unity Project/Match-3-Hero/Assets
GfxDevice: creating device client; threaded=0
Direct3D:
    Version:  Direct3D 11.0 [level 11.1]
    Renderer: NVIDIA GeForce GTX 1080 Ti (ID=0x1b06)
    Vendor:   
    VRAM:     11127 MB
    Driver:   27.21.14.6079
Initialize mono
Mono path[0] = 'H:/Unity Project/Unity/2020.2.3f1/Editor/Data/Managed'
Mono path[1] = 'H:/Unity Project/Unity/2020.2.3f1/Editor/Data/MonoBleedingEdge/lib/mono/unityjit'
Mono config path = 'H:/Unity Project/Unity/2020.2.3f1/Editor/Data/MonoBleedingEdge/etc'
Using monoOptions --debugger-agent=transport=dt_socket,embedding=1,server=y,suspend=n,address=127.0.0.1:56696
Begin MonoManager ReloadAssembly
Registering precompiled unity dll's ...
Register platform support module: H:/Unity Project/Unity/2020.2.3f1/Editor/Data/PlaybackEngines/WebGLSupport/UnityEditor.WebGL.Extensions.dll
Register platform support module: H:/Unity Project/Unity/2020.2.3f1/Editor/Data/PlaybackEngines/WindowsStandaloneSupport/UnityEditor.WindowsStandalone.Extensions.dll
Registered in 0.002119 seconds.
Native extension for WindowsStandalone target not found
Native extension for WebGL target not found
Refreshing native plugins compatible for Editor in 62.36 ms, found 1 plugins.
Preloading 0 native plugins for Editor in 0.00 ms.
Invoked RoslynAnalysisRunner static constructor.
RoslynAnalysisRunner will not be running.
RoslynAnalysisRunner has terminated.
Mono: successfully reloaded assembly
- Completed reload, in  3.505 seconds
Platform modules already initialized, skipping
Registering precompiled user dll's ...
Registered in 0.001620 seconds.
Begin MonoManager ReloadAssembly
Native extension for WindowsStandalone target not found
Native extension for WebGL target not found
Refreshing native plugins compatible for Editor in 65.09 ms, found 1 plugins.
Preloading 0 native plugins for Editor in 0.00 ms.
Invoked RoslynAnalysisRunner static constructor.
RoslynAnalysisRunner will not be running.
RoslynAnalysisRunner has terminated.
Mono: successfully reloaded assembly
- Completed reload, in  1.377 seconds
Platform modules already initialized, skipping
========================================================================
Worker process is ready to serve import requests
Launched and connected shader compiler UnityShaderCompiler.exe after 0.07 seconds
Refreshing native plugins compatible for Editor in 0.52 ms, found 1 plugins.
Preloading 0 native plugins for Editor in 0.00 ms.
Unloading 1803 Unused Serialized files (Serialized files now loaded: 0)
System memory in use before: 84.8 MB.
System memory in use after: 84.7 MB.

Unloading 24 unused Assets to reduce memory usage. Loaded Objects now: 2245.
Total: 2.699500 ms (FindLiveObjects: 0.238600 ms CreateObjectMapping: 0.058800 ms MarkObjects: 2.224300 ms  DeleteObjects: 0.176400 ms)

========================================================================
Received Import Request.
  path: Assets/Scenes/GameScene.unity
  artifactKey: Guid(2cda990e2423bbf4892e6590ba056729) Importer(815301076,1909f56bfc062723c751e8b465ee728b)
Start importing Assets/Scenes/GameScene.unity using Guid(2cda990e2423bbf4892e6590ba056729) Importer(815301076,1909f56bfc062723c751e8b465ee728b)  -> (artifact id: '124a07b52b9d01857164a6a258488181') in 0.022704 seconds
  Import took 0.026424 seconds .

========================================================================
Received Import Request.
  Time since last request: 526.276466 seconds.
  path: Assets/Scenes/MainMenu.unity
  artifactKey: Guid(8265f97ada90085409df76108e772d8b) Importer(815301076,1909f56bfc062723c751e8b465ee728b)
Start importing Assets/Scenes/MainMenu.unity using Guid(8265f97ada90085409df76108e772d8b) Importer(815301076,1909f56bfc062723c751e8b465ee728b)  -> (artifact id: 'f59f69b73014e50929cfaeee69055b47') in 0.010672 seconds
  Import took 0.014527 seconds .

========================================================================
Received Import Request.
  Time since last request: 213.337329 seconds.
  path: Assets/Aekashics Librarium - Megapack III
  artifactKey: Guid(e0be38133d7d5b3428c83f7812f8a8fb) Importer(815301076,1909f56bfc062723c751e8b465ee728b)
Start importing Assets/Aekashics Librarium - Megapack III using Guid(e0be38133d7d5b3428c83f7812f8a8fb) Importer(815301076,1909f56bfc062723c751e8b465ee728b)  -> (artifact id: '0283f2ecd46b32d0df1c66b34957775a') in 0.010096 seconds
  Import took 0.013872 seconds .

========================================================================
Received Import Request.
  Time since last request: 0.953265 seconds.
  path: Assets/Aekashics Librarium - Megapack III/Static
  artifactKey: Guid(80fe4c49cc57aff429b58b782be6b933) Importer(815301076,1909f56bfc062723c751e8b465ee728b)
Start importing Assets/Aekashics Librarium - Megapack III/Static using Guid(80fe4c49cc57aff429b58b782be6b933) Importer(815301076,1909f56bfc062723c751e8b465ee728b)  -> (artifact id: '85a490e38303c987490e49dae560afb4') in 0.012084 seconds
  Import took 0.016105 seconds .

========================================================================
Received Import Request.
  Time since last request: 947.161105 seconds.
  path: Assets/Backgrounds
  artifactKey: Guid(0cc4ec593a3b6774c878f7df6caa760f) Importer(815301076,1909f56bfc062723c751e8b465ee728b)
Start importing Assets/Backgrounds using Guid(0cc4ec593a3b6774c878f7df6caa760f) Importer(815301076,1909f56bfc062723c751e8b465ee728b)  -> (artifact id: '2453e278b3e060879d072cec0921f6c3') in 0.010521 seconds
  Import took 0.014362 seconds .

========================================================================
Received Import Request.
  Time since last request: 7.385064 seconds.
  path: Assets/Backgrounds/MainMenu.png
  artifactKey: Guid(f1215dceb1fbfc2428e6316194130197) Importer(815301076,1909f56bfc062723c751e8b465ee728b)
Start importing Assets/Backgrounds/MainMenu.png using Guid(f1215dceb1fbfc2428e6316194130197) Importer(815301076,1909f56bfc062723c751e8b465ee728b)  -> (artifact id: '4cc4500d05674f501acca9cfb014351e') in 0.258108 seconds
  Import took 0.261824 seconds .

========================================================================
Received Import Request.
  Time since last request: 0.000313 seconds.
  path: Assets/Backgrounds/TitleImage.png
  artifactKey: Guid(c0bc5cd7ac4ffe543b34886d2a12ed14) Importer(815301076,1909f56bfc062723c751e8b465ee728b)
Start importing Assets/Backgrounds/TitleImage.png using Guid(c0bc5cd7ac4ffe543b34886d2a12ed14) Importer(815301076,1909f56bfc062723c751e8b465ee728b)  -> (artifact id: 'ded5e2d01032a56d636e023596ed2b64') in 0.054849 seconds
  Import took 0.058208 seconds .

========================================================================
Received Import Request.
  Time since last request: 175.284295 seconds.
  path: Assets/Aekashics Librarium - Megapack III/Static/Front/Megapack III Zodiac Aries.png
  artifactKey: Guid(98de9660dcd60814bbcab03c3d809c49) Importer(815301076,1909f56bfc062723c751e8b465ee728b)
Start importing Assets/Aekashics Librarium - Megapack III/Static/Front/Megapack III Zodiac Aries.png using Guid(98de9660dcd60814bbcab03c3d809c49) Importer(815301076,1909f56bfc062723c751e8b465ee728b)  -> (artifact id: 'c3a82ad3567c9485ba6921312701b9df') in 0.030001 seconds
  Import took 0.033965 seconds .

========================================================================
Received Import Request.
  Time since last request: 0.000250 seconds.
  path: Assets/Aekashics Librarium - Megapack III/Static/Front/Megpack III Drill Dwarf.png
  artifactKey: Guid(ba725d29d5acae34491f20ef798aad04) Importer(815301076,1909f56bfc062723c751e8b465ee728b)
Start importing Assets/Aekashics Librarium - Megapack III/Static/Front/Megpack III Drill Dwarf.png using Guid(ba725d29d5acae34491f20ef798aad04) Importer(815301076,1909f56bfc062723c751e8b465ee728b)  -> (artifact id: '85080d861cdc084fa977062e61473ef6') in 0.030109 seconds
  Import took 0.033709 seconds .

========================================================================
Received Import Request.
  Time since last request: 0.000320 seconds.
  path: Assets/Aekashics Librarium - Megapack III/Static/Front/Megapack III Void Gargoyle.png
  artifactKey: Guid(a1f616cae7ad9e14ba2341f2d9ecda54) Importer(815301076,1909f56bfc062723c751e8b465ee728b)
Start importing Assets/Aekashics Librarium - Megapack III/Static/Front/Megapack III Void Gargoyle.png using Guid(a1f616cae7ad9e14ba2341f2d9ecda54) Importer(815301076,1909f56bfc062723c751e8b465ee728b)  -> (artifact id: '778886ab87457b904eeb27a98a5dcd94') in 0.029462 seconds
  Import took 0.033204 seconds .

========================================================================
Received Import Request.
  Time since last request: 0.000256 seconds.
  path: Assets/Aekashics Librarium - Megapack III/Static/Front/Megapack III Behemoth.png
  artifactKey: Guid(8d68bf6b48ccb7a4e833f51e08feec5c) Importer(815301076,1909f56bfc062723c751e8b465ee728b)
Start importing Assets/Aekashics Librarium - Megapack III/Static/Front/Megapack III Behemoth.png using Guid(8d68bf6b48ccb7a4e833f51e08feec5c) Importer(815301076,1909f56bfc062723c751e8b465ee728b)  -> (artifact id: '90ee032c4d1e73a31fcf98cf7d6dc845') in 0.029906 seconds
  Import took 0.033265 seconds .

========================================================================
Received Import Request.
  Time since last request: 0.000318 seconds.
  path: Assets/Aekashics Librarium - Megapack III/Static/Front/Megapack III Elemental Lords Fire Lord.png
  artifactKey: Guid(37db3613ed51d024188d1cae32d3e59a) Importer(815301076,1909f56bfc062723c751e8b465ee728b)
Start importing Assets/Aekashics Librarium - Megapack III/Static/Front/Megapack III Elemental Lords Fire Lord.png using Guid(37db3613ed51d024188d1cae32d3e59a) Importer(815301076,1909f56bfc062723c751e8b465ee728b)  -> (artifact id: '52805d863eaf5d84a2ec585a5905d54e') in 0.029283 seconds
  Import took 0.033194 seconds .

========================================================================
Received Import Request.
  Time since last request: 0.000249 seconds.
  path: Assets/Aekashics Librarium - Megapack III/Static/Front/Megapack III Undead Warrior Benkei.png
  artifactKey: Guid(36c422b9ec7a3164fb837dc110a89c14) Importer(815301076,1909f56bfc062723c751e8b465ee728b)
Start importing Assets/Aekashics Librarium - Megapack III/Static/Front/Megapack III Undead Warrior Benkei.png using Guid(36c422b9ec7a3164fb837dc110a89c14) Importer(815301076,1909f56bfc062723c751e8b465ee728b)  -> (artifact id: '751f9ec7faad0bdfd556004937a13555') in 0.028958 seconds
  Import took 0.032549 seconds .

========================================================================
Received Import Request.
  Time since last request: 0.000253 seconds.
  path: Assets/Aekashics Librarium - Megapack III/Static/Front/Megapack III Hellhound Inferni.png
  artifactKey: Guid(8c7a13a35a86dc44ab40de9d93374d78) Importer(815301076,1909f56bfc062723c751e8b465ee728b)
Start importing Assets/Aekashics Librarium - Megapack III/Static/Front/Megapack III Hellhound Inferni.png using Guid(8c7a13a35a86dc44ab40de9d93374d78) Importer(815301076,1909f56bfc062723c751e8b465ee728b)  -> (artifact id: '25a091151ab776918dca26ad308eb284') in 0.029209 seconds
  Import took 0.032692 seconds .

========================================================================
Received Import Request.
  Time since last request: 0.000272 seconds.
  path: Assets/Aekashics Librarium - Megapack III/Static/Front/Megapack III Red Guard B.png
  artifactKey: Guid(1ee0179d1f9b0874693d43ddb6cdd811) Importer(815301076,1909f56bfc062723c751e8b465ee728b)
Start importing Assets/Aekashics Librarium - Megapack III/Static/Front/Megapack III Red Guard B.png using Guid(1ee0179d1f9b0874693d43ddb6cdd811) Importer(815301076,1909f56bfc062723c751e8b465ee728b)  -> (artifact id: '23a6fa33cb8ba958bcb06bfdbb091ee1') in 0.037901 seconds
  Import took 0.041342 seconds .

========================================================================
Received Import Request.
  Time since last request: 0.000259 seconds.
  path: Assets/Aekashics Librarium - Megapack III/Static/Front/Megapack III Elemental Lords Ice Maiden.png
  artifactKey: Guid(c1980abec00da2d4881407f8f33a2464) Importer(815301076,1909f56bfc062723c751e8b465ee728b)
Start importing Assets/Aekashics Librarium - Megapack III/Static/Front/Megapack III Elemental Lords Ice Maiden.png using Guid(c1980abec00da2d4881407f8f33a2464) Importer(815301076,1909f56bfc062723c751e8b465ee728b)  -> (artifact id: '44487da5f77a1379b68a71933659a37f') in 0.029050 seconds
  Import took 0.033010 seconds .

========================================================================
Received Import Request.
  Time since last request: 0.000242 seconds.
  path: Assets/Aekashics Librarium - Megapack III/Static/Front/Megapack III Black Iron Minotaur Beef.png
  artifactKey: Guid(c9167afd650254746a356272a61b3438) Importer(815301076,1909f56bfc062723c751e8b465ee728b)
Start importing Assets/Aekashics Librarium - Megapack III/Static/Front/Megapack III Black Iron Minotaur Beef.png using Guid(c9167afd650254746a356272a61b3438) Importer(815301076,1909f56bfc062723c751e8b465ee728b)  -> (artifact id: '6e0b169dc552f98a06d16310702c073d') in 0.028246 seconds
  Import took 0.031672 seconds .

========================================================================
Received Import Request.
  Time since last request: 0.000262 seconds.
  path: Assets/Aekashics Librarium - Megapack III/Static/Front/Megapack III Fallen Kings King Of Dwarves Skor.png
  artifactKey: Guid(7750fc70c5e3fec47b59ceee22f6c926) Importer(815301076,1909f56bfc062723c751e8b465ee728b)
Start importing Assets/Aekashics Librarium - Megapack III/Static/Front/Megapack III Fallen Kings King Of Dwarves Skor.png using Guid(7750fc70c5e3fec47b59ceee22f6c926) Importer(815301076,1909f56bfc062723c751e8b465ee728b)  -> (artifact id: 'f13ad9be3430fdc8544fd163ec87c4e4') in 0.028608 seconds
  Import took 0.032202 seconds .

========================================================================
Received Import Request.
  Time since last request: 0.000262 seconds.
  path: Assets/Aekashics Librarium - Megapack III/Static/Front/Megapack III Red Guard C.png
  artifactKey: Guid(a32eb60562a87cc41b5a9248cf83bf8b) Importer(815301076,1909f56bfc062723c751e8b465ee728b)
Start importing Assets/Aekashics Librarium - Megapack III/Static/Front/Megapack III Red Guard C.png using Guid(a32eb60562a87cc41b5a9248cf83bf8b) Importer(815301076,1909f56bfc062723c751e8b465ee728b)  -> (artifact id: 'c14560d232706b3c3ebcdc1fb8249367') in 0.026790 seconds
  Import took 0.030216 seconds .

========================================================================
Received Import Request.
  Time since last request: 0.000239 seconds.
  path: Assets/Aekashics Librarium - Megapack III/Static/Front/Megpack III Fallen Kings Undead King Berthelot.png
  artifactKey: Guid(091b2135c0b86454296b372411772597) Importer(815301076,1909f56bfc062723c751e8b465ee728b)
Start importing Assets/Aekashics Librarium - Megapack III/Static/Front/Megpack III Fallen Kings Undead King Berthelot.png using Guid(091b2135c0b86454296b372411772597) Importer(815301076,1909f56bfc062723c751e8b465ee728b)  -> (artifact id: 'c9dac07080d44f3671754ace3f77a137') in 0.027123 seconds
  Import took 0.030648 seconds .

========================================================================
Received Import Request.
  Time since last request: 0.000257 seconds.
  path: Assets/Aekashics Librarium - Megapack III/Static/Front/Megapack III Fallen Kings Arcane King Jeffroy.png
  artifactKey: Guid(faec8b309a13fa94ab34b7e790aebc17) Importer(815301076,1909f56bfc062723c751e8b465ee728b)
Start importing Assets/Aekashics Librarium - Megapack III/Static/Front/Megapack III Fallen Kings Arcane King Jeffroy.png using Guid(faec8b309a13fa94ab34b7e790aebc17) Importer(815301076,1909f56bfc062723c751e8b465ee728b)  -> (artifact id: 'e6c4c09875234bfc1d0b22a1c2de2966') in 0.030681 seconds
  Import took 0.034090 seconds .

========================================================================
Received Import Request.
  Time since last request: 0.000267 seconds.
  path: Assets/Aekashics Librarium - Megapack III/Static/Front/Megapack III Fallen Kings King Of Giants Goken.png
  artifactKey: Guid(b1b6cd174ae30b940bd7870bae069132) Importer(815301076,1909f56bfc062723c751e8b465ee728b)
Start importing Assets/Aekashics Librarium - Megapack III/Static/Front/Megapack III Fallen Kings King Of Giants Goken.png using Guid(b1b6cd174ae30b940bd7870bae069132) Importer(815301076,1909f56bfc062723c751e8b465ee728b)  -> (artifact id: '2116948e18ad74c582c9ce0a683e239c') in 0.029517 seconds
  Import took 0.032900 seconds .

========================================================================
Received Import Request.
  Time since last request: 0.000259 seconds.
  path: Assets/Aekashics Librarium - Megapack III/Static/Front/Megapack III Dragonslayer Dwarf.png
  artifactKey: Guid(f34469d454278ad43868661ccd440325) Importer(815301076,1909f56bfc062723c751e8b465ee728b)
Start importing Assets/Aekashics Librarium - Megapack III/Static/Front/Megapack III Dragonslayer Dwarf.png using Guid(f34469d454278ad43868661ccd440325) Importer(815301076,1909f56bfc062723c751e8b465ee728b)  -> (artifact id: 'a33bee2bd1db57493a2997835be86640') in 0.028839 seconds
  Import took 0.032313 seconds .

========================================================================
Received Import Request.
  Time since last request: 0.000278 seconds.
  path: Assets/Aekashics Librarium - Megapack III/Static/Front/Megapack III Cerberus Ptolemaios.png
  artifactKey: Guid(a02f1670c123920408878691900a2ddc) Importer(815301076,1909f56bfc062723c751e8b465ee728b)
Start importing Assets/Aekashics Librarium - Megapack III/Static/Front/Megapack III Cerberus Ptolemaios.png using Guid(a02f1670c123920408878691900a2ddc) Importer(815301076,1909f56bfc062723c751e8b465ee728b)  -> (artifact id: '4dfe48d492a4b4238d9323fee56e6f5e') in 0.027090 seconds
  Import took 0.030586 seconds .

========================================================================
Received Import Request.
  Time since last request: 0.000246 seconds.
  path: Assets/Aekashics Librarium - Megapack III/Static/Front/Megapack III Red Guard A.png
  artifactKey: Guid(a814940e47504874d8027a860d5bc5e2) Importer(815301076,1909f56bfc062723c751e8b465ee728b)
Start importing Assets/Aekashics Librarium - Megapack III/Static/Front/Megapack III Red Guard A.png using Guid(a814940e47504874d8027a860d5bc5e2) Importer(815301076,1909f56bfc062723c751e8b465ee728b)  -> (artifact id: 'bc6213b61419710e620a91df1d416030') in 0.030476 seconds
  Import took 0.034090 seconds .

========================================================================
Received Import Request.
  Time since last request: 0.000291 seconds.
  path: Assets/Aekashics Librarium - Megapack III/Static/Front/Megapack III Axe Warrior Dwarf.png
  artifactKey: Guid(7eca5eb76d1a9e4429a044ab8ff7efc6) Importer(815301076,1909f56bfc062723c751e8b465ee728b)
Start importing Assets/Aekashics Librarium - Megapack III/Static/Front/Megapack III Axe Warrior Dwarf.png using Guid(7eca5eb76d1a9e4429a044ab8ff7efc6) Importer(815301076,1909f56bfc062723c751e8b465ee728b)  -> (artifact id: 'b1937192e3863c618d89714d3e753e17') in 0.030895 seconds
  Import took 0.034480 seconds .

========================================================================
Received Import Request.
  Time since last request: 0.000268 seconds.
  path: Assets/Aekashics Librarium - Megapack III/Static/Front/Megapack III Fallen Kings King Of Elves Dreyel.png
  artifactKey: Guid(6a964007a3276914290a500d00b04763) Importer(815301076,1909f56bfc062723c751e8b465ee728b)
Start importing Assets/Aekashics Librarium - Megapack III/Static/Front/Megapack III Fallen Kings King Of Elves Dreyel.png using Guid(6a964007a3276914290a500d00b04763) Importer(815301076,1909f56bfc062723c751e8b465ee728b)  -> (artifact id: '878131d1f4cc5ff29eac03d46c811282') in 0.028129 seconds
  Import took 0.031484 seconds .

========================================================================
Received Prepare
Registering precompiled user dll's ...
Registered in 0.001692 seconds.
Begin MonoManager ReloadAssembly
Native extension for WindowsStandalone target not found
Native extension for WebGL target not found
Refreshing native plugins compatible for Editor in 0.54 ms, found 1 plugins.
Preloading 0 native plugins for Editor in 0.00 ms.
Invoked RoslynAnalysisRunner static constructor.
RoslynAnalysisRunner will not be running.
RoslynAnalysisRunner has terminated.
Mono: successfully reloaded assembly
- Completed reload, in  1.237 seconds
Platform modules already initialized, skipping
Switching build target platform(5) subTarget(0) extendedPlatform(0) -> platform(13) subTarget(537395200) extendedPlatform(0)
Refreshing native plugins compatible for Editor in 0.54 ms, found 1 plugins.
Preloading 0 native plugins for Editor in 0.00 ms.
Unloading 1801 Unused Serialized files (Serialized files now loaded: 0)
System memory in use before: 87.9 MB.
System memory in use after: 87.9 MB.

Unloading 12 unused Assets to reduce memory usage. Loaded Objects now: 2292.
Total: 2.690000 ms (FindLiveObjects: 0.231900 ms CreateObjectMapping: 0.057100 ms MarkObjects: 2.253900 ms  DeleteObjects: 0.145600 ms)

AssetImportParameters requested are different than current active one (requested -> active):
  custom:graphics/normal-map-encoding: 01000000000000000000000000000000 -> 02000000000000000000000000000000
========================================================================
Received Import Request.
  Time since last request: 173.061579 seconds.
  path: Assets/Scripts/MainMenuManager.cs
  artifactKey: Guid(adc0385ec2cc23b44b257e656edf152c) Importer(815301076,1909f56bfc062723c751e8b465ee728b)
Start importing Assets/Scripts/MainMenuManager.cs using Guid(adc0385ec2cc23b44b257e656edf152c) Importer(815301076,1909f56bfc062723c751e8b465ee728b)  -> (artifact id: 'cd354db6987151ba32168097d0e0d9cb') in 0.027010 seconds
  Import took 0.031123 seconds .

========================================================================
Received Prepare
Registering precompiled user dll's ...
Registered in 0.001589 seconds.
Begin MonoManager ReloadAssembly
Native extension for WindowsStandalone target not found
Native extension for WebGL target not found
Refreshing native plugins compatible for Editor in 0.57 ms, found 1 plugins.
Preloading 0 native plugins for Editor in 0.00 ms.
Invoked RoslynAnalysisRunner static constructor.
RoslynAnalysisRunner will not be running.
RoslynAnalysisRunner has terminated.
Mono: successfully reloaded assembly
- Completed reload, in  1.222 seconds
Platform modules already initialized, skipping
Switching build target platform(5) subTarget(0) extendedPlatform(0) -> platform(13) subTarget(537395200) extendedPlatform(0)
Refreshing native plugins compatible for Editor in 0.55 ms, found 1 plugins.
Preloading 0 native plugins for Editor in 0.00 ms.
Unloading 1802 Unused Serialized files (Serialized files now loaded: 0)
System memory in use before: 88.0 MB.
System memory in use after: 88.0 MB.

Unloading 12 unused Assets to reduce memory usage. Loaded Objects now: 2296.
Total: 2.521200 ms (FindLiveObjects: 0.256600 ms CreateObjectMapping: 0.059800 ms MarkObjects: 2.059600 ms  DeleteObjects: 0.143900 ms)

AssetImportParameters requested are different than current active one (requested -> active):
  custom:graphics/normal-map-encoding: 01000000000000000000000000000000 -> 02000000000000000000000000000000
========================================================================
Received Prepare
Registering precompiled user dll's ...
Registered in 0.001643 seconds.
Begin MonoManager ReloadAssembly
Native extension for WindowsStandalone target not found
Native extension for WebGL target not found
Refreshing native plugins compatible for Editor in 0.66 ms, found 1 plugins.
Preloading 0 native plugins for Editor in 0.00 ms.
Invoked RoslynAnalysisRunner static constructor.
RoslynAnalysisRunner will not be running.
RoslynAnalysisRunner has terminated.
Mono: successfully reloaded assembly
- Completed reload, in  1.259 seconds
Platform modules already initialized, skipping
Switching build target platform(5) subTarget(0) extendedPlatform(0) -> platform(13) subTarget(537395200) extendedPlatform(0)
Refreshing native plugins compatible for Editor in 0.55 ms, found 1 plugins.
Preloading 0 native plugins for Editor in 0.00 ms.
Unloading 1802 Unused Serialized files (Serialized files now loaded: 0)
System memory in use before: 88.0 MB.
System memory in use after: 88.0 MB.

Unloading 12 unused Assets to reduce memory usage. Loaded Objects now: 2299.
Total: 2.799100 ms (FindLiveObjects: 0.263500 ms CreateObjectMapping: 0.066000 ms MarkObjects: 2.312200 ms  DeleteObjects: 0.155700 ms)

AssetImportParameters requested are different than current active one (requested -> active):
  custom:graphics/normal-map-encoding: 01000000000000000000000000000000 -> 02000000000000000000000000000000
========================================================================
Received Import Request.
  Time since last request: 532.005981 seconds.
  path: Assets/Scripts/Match 3 Puzzle
  artifactKey: Guid(ae2204d6e3b700d4dbf9d5cd1247e94d) Importer(815301076,1909f56bfc062723c751e8b465ee728b)
Start importing Assets/Scripts/Match 3 Puzzle using Guid(ae2204d6e3b700d4dbf9d5cd1247e94d) Importer(815301076,1909f56bfc062723c751e8b465ee728b)  -> (artifact id: '081da366786a459257d26a0d9632afa1') in 0.014711 seconds
  Import took 0.018617 seconds .

========================================================================
Received Import Request.
  Time since last request: 2.029078 seconds.
  path: Assets/Scripts/MainMenuManager.cs
  artifactKey: Guid(adc0385ec2cc23b44b257e656edf152c) Importer(815301076,1909f56bfc062723c751e8b465ee728b)
Start importing Assets/Scripts/MainMenuManager.cs using Guid(adc0385ec2cc23b44b257e656edf152c) Importer(815301076,1909f56bfc062723c751e8b465ee728b)  -> (artifact id: 'd77d5c85d68268192f4f9953ade172c4') in 0.004743 seconds
  Import took 0.008737 seconds .

========================================================================
Received Prepare
Registering precompiled user dll's ...
Registered in 0.001680 seconds.
Begin MonoManager ReloadAssembly
Native extension for WindowsStandalone target not found
Native extension for WebGL target not found
Refreshing native plugins compatible for Editor in 0.56 ms, found 1 plugins.
Preloading 0 native plugins for Editor in 0.00 ms.
Invoked RoslynAnalysisRunner static constructor.
RoslynAnalysisRunner will not be running.
RoslynAnalysisRunner has terminated.
Mono: successfully reloaded assembly
- Completed reload, in  1.253 seconds
Platform modules already initialized, skipping
Switching build target platform(5) subTarget(0) extendedPlatform(0) -> platform(13) subTarget(537395200) extendedPlatform(0)
Refreshing native plugins compatible for Editor in 0.83 ms, found 1 plugins.
Preloading 0 native plugins for Editor in 0.00 ms.
Unloading 1802 Unused Serialized files (Serialized files now loaded: 0)
System memory in use before: 88.0 MB.
System memory in use after: 88.0 MB.

Unloading 12 unused Assets to reduce memory usage. Loaded Objects now: 2302.
Total: 2.683600 ms (FindLiveObjects: 0.261800 ms CreateObjectMapping: 0.060500 ms MarkObjects: 2.202400 ms  DeleteObjects: 0.157800 ms)

AssetImportParameters requested are different than current active one (requested -> active):
  custom:graphics/normal-map-encoding: 01000000000000000000000000000000 -> 02000000000000000000000000000000
========================================================================
Received Prepare
Registering precompiled user dll's ...
Registered in 0.001834 seconds.
Begin MonoManager ReloadAssembly
Native extension for WindowsStandalone target not found
Native extension for WebGL target not found
Refreshing native plugins compatible for Editor in 0.56 ms, found 1 plugins.
Preloading 0 native plugins for Editor in 0.00 ms.
Invoked RoslynAnalysisRunner static constructor.
RoslynAnalysisRunner will not be running.
RoslynAnalysisRunner has terminated.
Mono: successfully reloaded assembly
- Completed reload, in  1.339 seconds
Platform modules already initialized, skipping
Switching build target platform(5) subTarget(0) extendedPlatform(0) -> platform(13) subTarget(537395200) extendedPlatform(0)
Refreshing native plugins compatible for Editor in 0.54 ms, found 1 plugins.
Preloading 0 native plugins for Editor in 0.00 ms.
Unloading 1803 Unused Serialized files (Serialized files now loaded: 0)
System memory in use before: 88.1 MB.
System memory in use after: 88.1 MB.

Unloading 12 unused Assets to reduce memory usage. Loaded Objects now: 2306.
Total: 3.521300 ms (FindLiveObjects: 0.529900 ms CreateObjectMapping: 0.135700 ms MarkObjects: 2.689500 ms  DeleteObjects: 0.164500 ms)

AssetImportParameters requested are different than current active one (requested -> active):
  custom:graphics/normal-map-encoding: 01000000000000000000000000000000 -> 02000000000000000000000000000000
========================================================================
Received Import Request.
  Time since last request: 84.592911 seconds.
  path: Assets/Scripts/BossFight/GamePlayManager.cs
  artifactKey: Guid(5a78644ba5192cd4e97046b242b1a072) Importer(815301076,1909f56bfc062723c751e8b465ee728b)
Start importing Assets/Scripts/BossFight/GamePlayManager.cs using Guid(5a78644ba5192cd4e97046b242b1a072) Importer(815301076,1909f56bfc062723c751e8b465ee728b)  -> (artifact id: '613fc9da347d8548b0aa459dd8bb0037') in 0.014873 seconds
  Import took 0.018732 seconds .

========================================================================
Received Prepare
Registering precompiled user dll's ...
Registered in 0.001770 seconds.
Begin MonoManager ReloadAssembly
Native extension for WindowsStandalone target not found
Native extension for WebGL target not found
Refreshing native plugins compatible for Editor in 0.56 ms, found 1 plugins.
Preloading 0 native plugins for Editor in 0.00 ms.
Invoked RoslynAnalysisRunner static constructor.
RoslynAnalysisRunner will not be running.
RoslynAnalysisRunner has terminated.
Mono: successfully reloaded assembly
- Completed reload, in  1.295 seconds
Platform modules already initialized, skipping
Switching build target platform(5) subTarget(0) extendedPlatform(0) -> platform(13) subTarget(537395200) extendedPlatform(0)
Refreshing native plugins compatible for Editor in 0.54 ms, found 1 plugins.
Preloading 0 native plugins for Editor in 0.00 ms.
Unloading 1803 Unused Serialized files (Serialized files now loaded: 0)
System memory in use before: 88.1 MB.
System memory in use after: 88.1 MB.

Unloading 12 unused Assets to reduce memory usage. Loaded Objects now: 2309.
Total: 2.751900 ms (FindLiveObjects: 0.243200 ms CreateObjectMapping: 0.057400 ms MarkObjects: 2.289200 ms  DeleteObjects: 0.160800 ms)

AssetImportParameters requested are different than current active one (requested -> active):
  custom:graphics/normal-map-encoding: 01000000000000000000000000000000 -> 02000000000000000000000000000000
========================================================================
Received Prepare
Registering precompiled user dll's ...
Registered in 0.001719 seconds.
Begin MonoManager ReloadAssembly
Native extension for WindowsStandalone target not found
Native extension for WebGL target not found
Refreshing native plugins compatible for Editor in 0.54 ms, found 1 plugins.
Preloading 0 native plugins for Editor in 0.00 ms.
Invoked RoslynAnalysisRunner static constructor.
RoslynAnalysisRunner will not be running.
RoslynAnalysisRunner has terminated.
Mono: successfully reloaded assembly
- Completed reload, in  1.283 seconds
Platform modules already initialized, skipping
Switching build target platform(5) subTarget(0) extendedPlatform(0) -> platform(13) subTarget(537395200) extendedPlatform(0)
Refreshing native plugins compatible for Editor in 0.78 ms, found 1 plugins.
Preloading 0 native plugins for Editor in 0.00 ms.
Unloading 1803 Unused Serialized files (Serialized files now loaded: 0)
System memory in use before: 88.1 MB.
System memory in use after: 88.1 MB.

Unloading 12 unused Assets to reduce memory usage. Loaded Objects now: 2312.
Total: 2.800500 ms (FindLiveObjects: 0.449200 ms CreateObjectMapping: 0.114600 ms MarkObjects: 2.088700 ms  DeleteObjects: 0.146300 ms)

AssetImportParameters requested are different than current active one (requested -> active):
  custom:graphics/normal-map-encoding: 01000000000000000000000000000000 -> 02000000000000000000000000000000
========================================================================
Received Prepare
Registering precompiled user dll's ...
Registered in 0.002498 seconds.
Begin MonoManager ReloadAssembly
Native extension for WindowsStandalone target not found
Native extension for WebGL target not found
Refreshing native plugins compatible for Editor in 0.70 ms, found 1 plugins.
Preloading 0 native plugins for Editor in 0.00 ms.
Invoked RoslynAnalysisRunner static constructor.
RoslynAnalysisRunner will not be running.
RoslynAnalysisRunner has terminated.
Mono: successfully reloaded assembly
- Completed reload, in  1.270 seconds
Platform modules already initialized, skipping
Switching build target platform(5) subTarget(0) extendedPlatform(0) -> platform(13) subTarget(537395200) extendedPlatform(0)
Refreshing native plugins compatible for Editor in 0.53 ms, found 1 plugins.
Preloading 0 native plugins for Editor in 0.00 ms.
Unloading 1803 Unused Serialized files (Serialized files now loaded: 0)
System memory in use before: 88.1 MB.
System memory in use after: 88.1 MB.

Unloading 12 unused Assets to reduce memory usage. Loaded Objects now: 2315.
Total: 2.810700 ms (FindLiveObjects: 0.311800 ms CreateObjectMapping: 0.060100 ms MarkObjects: 2.269100 ms  DeleteObjects: 0.167700 ms)

AssetImportParameters requested are different than current active one (requested -> active):
  custom:graphics/normal-map-encoding: 01000000000000000000000000000000 -> 02000000000000000000000000000000
========================================================================
Received Import Request.
  Time since last request: 1046.468617 seconds.
  path: Assets/Scripts/BossFight/Hero.cs
  artifactKey: Guid(a52d5f13586267c48b9a38ffabc268a9) Importer(815301076,1909f56bfc062723c751e8b465ee728b)
Start importing Assets/Scripts/BossFight/Hero.cs using Guid(a52d5f13586267c48b9a38ffabc268a9) Importer(815301076,1909f56bfc062723c751e8b465ee728b)  -> (artifact id: '91503eff4110a3606670e8e74aed7c72') in 0.015290 seconds
  Import took 0.019605 seconds .

========================================================================
Received Prepare
Registering precompiled user dll's ...
Registered in 0.001661 seconds.
Begin MonoManager ReloadAssembly
Native extension for WindowsStandalone target not found
Native extension for WebGL target not found
Refreshing native plugins compatible for Editor in 0.56 ms, found 1 plugins.
Preloading 0 native plugins for Editor in 0.00 ms.
Invoked RoslynAnalysisRunner static constructor.
RoslynAnalysisRunner will not be running.
RoslynAnalysisRunner has terminated.
Mono: successfully reloaded assembly
- Completed reload, in  1.285 seconds
Platform modules already initialized, skipping
Switching build target platform(5) subTarget(0) extendedPlatform(0) -> platform(13) subTarget(537395200) extendedPlatform(0)
Refreshing native plugins compatible for Editor in 0.55 ms, found 1 plugins.
Preloading 0 native plugins for Editor in 0.00 ms.
Unloading 1803 Unused Serialized files (Serialized files now loaded: 0)
System memory in use before: 88.1 MB.
System memory in use after: 88.1 MB.

Unloading 12 unused Assets to reduce memory usage. Loaded Objects now: 2318.
Total: 2.618300 ms (FindLiveObjects: 0.259400 ms CreateObjectMapping: 0.058500 ms MarkObjects: 2.145000 ms  DeleteObjects: 0.154100 ms)

AssetImportParameters requested are different than current active one (requested -> active):
  custom:graphics/normal-map-encoding: 01000000000000000000000000000000 -> 02000000000000000000000000000000
========================================================================
Received Import Request.
  Time since last request: 101.546971 seconds.
  path: Assets/Scripts/BossFight/Hero.cs
  artifactKey: Guid(a52d5f13586267c48b9a38ffabc268a9) Importer(815301076,1909f56bfc062723c751e8b465ee728b)
Start importing Assets/Scripts/BossFight/Hero.cs using Guid(a52d5f13586267c48b9a38ffabc268a9) Importer(815301076,1909f56bfc062723c751e8b465ee728b)  -> (artifact id: '5c86cd5fa2b3e41a1f6664415f49ad8d') in 0.008576 seconds
  Import took 0.012702 seconds .

========================================================================
Received Prepare
Registering precompiled user dll's ...
Registered in 0.001591 seconds.
Begin MonoManager ReloadAssembly
Native extension for WindowsStandalone target not found
Native extension for WebGL target not found
Refreshing native plugins compatible for Editor in 0.55 ms, found 1 plugins.
Preloading 0 native plugins for Editor in 0.00 ms.
Invoked RoslynAnalysisRunner static constructor.
RoslynAnalysisRunner will not be running.
RoslynAnalysisRunner has terminated.
Mono: successfully reloaded assembly
- Completed reload, in  1.267 seconds
Platform modules already initialized, skipping
Switching build target platform(5) subTarget(0) extendedPlatform(0) -> platform(13) subTarget(537395200) extendedPlatform(0)
Refreshing native plugins compatible for Editor in 0.57 ms, found 1 plugins.
Preloading 0 native plugins for Editor in 0.00 ms.
Unloading 1803 Unused Serialized files (Serialized files now loaded: 0)
System memory in use before: 88.1 MB.
System memory in use after: 88.1 MB.

Unloading 12 unused Assets to reduce memory usage. Loaded Objects now: 2321.
Total: 2.519700 ms (FindLiveObjects: 0.261700 ms CreateObjectMapping: 0.067000 ms MarkObjects: 2.035000 ms  DeleteObjects: 0.154700 ms)

AssetImportParameters requested are different than current active one (requested -> active):
  custom:graphics/normal-map-encoding: 01000000000000000000000000000000 -> 02000000000000000000000000000000
========================================================================
Received Prepare
Registering precompiled user dll's ...
Registered in 0.001652 seconds.
Begin MonoManager ReloadAssembly
Native extension for WindowsStandalone target not found
Native extension for WebGL target not found
Refreshing native plugins compatible for Editor in 0.96 ms, found 1 plugins.
Preloading 0 native plugins for Editor in 0.00 ms.
Invoked RoslynAnalysisRunner static constructor.
RoslynAnalysisRunner will not be running.
RoslynAnalysisRunner has terminated.
Mono: successfully reloaded assembly
- Completed reload, in  1.287 seconds
Platform modules already initialized, skipping
Switching build target platform(5) subTarget(0) extendedPlatform(0) -> platform(13) subTarget(537395200) extendedPlatform(0)
Refreshing native plugins compatible for Editor in 0.58 ms, found 1 plugins.
Preloading 0 native plugins for Editor in 0.00 ms.
Unloading 1803 Unused Serialized files (Serialized files now loaded: 0)
System memory in use before: 88.1 MB.
System memory in use after: 88.1 MB.

Unloading 12 unused Assets to reduce memory usage. Loaded Objects now: 2324.
Total: 2.689700 ms (FindLiveObjects: 0.257600 ms CreateObjectMapping: 0.057900 ms MarkObjects: 2.211500 ms  DeleteObjects: 0.161200 ms)

AssetImportParameters requested are different than current active one (requested -> active):
  custom:graphics/normal-map-encoding: 01000000000000000000000000000000 -> 02000000000000000000000000000000
========================================================================
Received Prepare
Registering precompiled user dll's ...
Registered in 0.001636 seconds.
Begin MonoManager ReloadAssembly
Native extension for WindowsStandalone target not found
Native extension for WebGL target not found
Refreshing native plugins compatible for Editor in 0.88 ms, found 1 plugins.
Preloading 0 native plugins for Editor in 0.00 ms.
Invoked RoslynAnalysisRunner static constructor.
RoslynAnalysisRunner will not be running.
RoslynAnalysisRunner has terminated.
Mono: successfully reloaded assembly
- Completed reload, in  1.318 seconds
Platform modules already initialized, skipping
Switching build target platform(5) subTarget(0) extendedPlatform(0) -> platform(13) subTarget(537395200) extendedPlatform(0)
Refreshing native plugins compatible for Editor in 0.59 ms, found 1 plugins.
Preloading 0 native plugins for Editor in 0.00 ms.
Unloading 1803 Unused Serialized files (Serialized files now loaded: 0)
System memory in use before: 88.1 MB.
System memory in use after: 88.1 MB.

Unloading 12 unused Assets to reduce memory usage. Loaded Objects now: 2327.
Total: 2.836900 ms (FindLiveObjects: 0.285900 ms CreateObjectMapping: 0.060600 ms MarkObjects: 2.312300 ms  DeleteObjects: 0.176400 ms)

AssetImportParameters requested are different than current active one (requested -> active):
  custom:graphics/normal-map-encoding: 01000000000000000000000000000000 -> 02000000000000000000000000000000
========================================================================
Received Import Request.
  Time since last request: 272.800454 seconds.
  path: Assets/Aekashics Librarium - Megapack III/Static/Front
  artifactKey: Guid(1ba0cdbc2633df2498354a19001a0d65) Importer(815301076,1909f56bfc062723c751e8b465ee728b)
Start importing Assets/Aekashics Librarium - Megapack III/Static/Front using Guid(1ba0cdbc2633df2498354a19001a0d65) Importer(815301076,1909f56bfc062723c751e8b465ee728b)  -> (artifact id: 'fc91c19722a4a427901327fd597a164a') in 0.016111 seconds
  Import took 0.020269 seconds .

========================================================================
Received Prepare
Registering precompiled user dll's ...
Registered in 0.001654 seconds.
Begin MonoManager ReloadAssembly
Native extension for WindowsStandalone target not found
Native extension for WebGL target not found
Refreshing native plugins compatible for Editor in 0.56 ms, found 1 plugins.
Preloading 0 native plugins for Editor in 0.00 ms.
Invoked RoslynAnalysisRunner static constructor.
RoslynAnalysisRunner will not be running.
RoslynAnalysisRunner has terminated.
Mono: successfully reloaded assembly
- Completed reload, in  1.277 seconds
Platform modules already initialized, skipping
Switching build target platform(5) subTarget(0) extendedPlatform(0) -> platform(13) subTarget(537395200) extendedPlatform(0)
Refreshing native plugins compatible for Editor in 0.57 ms, found 1 plugins.
Preloading 0 native plugins for Editor in 0.00 ms.
Unloading 1803 Unused Serialized files (Serialized files now loaded: 0)
System memory in use before: 88.1 MB.
System memory in use after: 88.1 MB.

Unloading 12 unused Assets to reduce memory usage. Loaded Objects now: 2330.
Total: 2.743400 ms (FindLiveObjects: 0.296000 ms CreateObjectMapping: 0.058100 ms MarkObjects: 2.233000 ms  DeleteObjects: 0.154400 ms)

AssetImportParameters requested are different than current active one (requested -> active):
  custom:graphics/normal-map-encoding: 01000000000000000000000000000000 -> 02000000000000000000000000000000
========================================================================
Received Prepare
Registering precompiled user dll's ...
Registered in 0.001813 seconds.
Begin MonoManager ReloadAssembly
Native extension for WindowsStandalone target not found
Native extension for WebGL target not found
Refreshing native plugins compatible for Editor in 0.64 ms, found 1 plugins.
Preloading 0 native plugins for Editor in 0.00 ms.
Invoked RoslynAnalysisRunner static constructor.
RoslynAnalysisRunner will not be running.
RoslynAnalysisRunner has terminated.
Mono: successfully reloaded assembly
- Completed reload, in  1.283 seconds
Platform modules already initialized, skipping
Switching build target platform(5) subTarget(0) extendedPlatform(0) -> platform(13) subTarget(537395200) extendedPlatform(0)
Refreshing native plugins compatible for Editor in 0.86 ms, found 1 plugins.
Preloading 0 native plugins for Editor in 0.00 ms.
Unloading 1803 Unused Serialized files (Serialized files now loaded: 0)
System memory in use before: 88.2 MB.
System memory in use after: 88.1 MB.

Unloading 12 unused Assets to reduce memory usage. Loaded Objects now: 2333.
Total: 2.676300 ms (FindLiveObjects: 0.284800 ms CreateObjectMapping: 0.057700 ms MarkObjects: 2.176300 ms  DeleteObjects: 0.155300 ms)

AssetImportParameters requested are different than current active one (requested -> active):
  custom:graphics/normal-map-encoding: 01000000000000000000000000000000 -> 02000000000000000000000000000000
========================================================================
Received Import Request.
  Time since last request: 102.397359 seconds.
  path: Assets/Sprites/Boss/Megapack III Behemoth.png
  artifactKey: Guid(8d68bf6b48ccb7a4e833f51e08feec5c) Importer(815301076,1909f56bfc062723c751e8b465ee728b)
Start importing Assets/Sprites/Boss/Megapack III Behemoth.png using Guid(8d68bf6b48ccb7a4e833f51e08feec5c) Importer(815301076,1909f56bfc062723c751e8b465ee728b)  -> (artifact id: '716e1f2ce482784824da5eda107dcd17') in 0.095692 seconds
  Import took 0.100181 seconds .

========================================================================
Received Import Request.
  Time since last request: 0.000327 seconds.
  path: Assets/Sprites/Boss/Megapack III Elemental Lords Fire Lord.png
  artifactKey: Guid(37db3613ed51d024188d1cae32d3e59a) Importer(815301076,1909f56bfc062723c751e8b465ee728b)
Start importing Assets/Sprites/Boss/Megapack III Elemental Lords Fire Lord.png using Guid(37db3613ed51d024188d1cae32d3e59a) Importer(815301076,1909f56bfc062723c751e8b465ee728b)  -> (artifact id: '6e04b72c540b5c1a9dd48c49335146be') in 0.023397 seconds
  Import took 0.027364 seconds .

========================================================================
Received Import Request.
  Time since last request: 0.000237 seconds.
  path: Assets/Sprites/Boss/Megapack III Fallen Kings King Of Giants Goken.png
  artifactKey: Guid(b1b6cd174ae30b940bd7870bae069132) Importer(815301076,1909f56bfc062723c751e8b465ee728b)
Start importing Assets/Sprites/Boss/Megapack III Fallen Kings King Of Giants Goken.png using Guid(b1b6cd174ae30b940bd7870bae069132) Importer(815301076,1909f56bfc062723c751e8b465ee728b)  -> (artifact id: '2f8b2be8e1c707efe70012257cb4ed40') in 0.031407 seconds
  Import took 0.034875 seconds .

========================================================================
Received Prepare
Registering precompiled user dll's ...
Registered in 0.001668 seconds.
Begin MonoManager ReloadAssembly
Native extension for WindowsStandalone target not found
Native extension for WebGL target not found
Refreshing native plugins compatible for Editor in 0.57 ms, found 1 plugins.
Preloading 0 native plugins for Editor in 0.00 ms.
Invoked RoslynAnalysisRunner static constructor.
RoslynAnalysisRunner will not be running.
RoslynAnalysisRunner has terminated.
Mono: successfully reloaded assembly
- Completed reload, in  1.305 seconds
Platform modules already initialized, skipping
Switching build target platform(5) subTarget(0) extendedPlatform(0) -> platform(13) subTarget(537395200) extendedPlatform(0)
Refreshing native plugins compatible for Editor in 0.56 ms, found 1 plugins.
Preloading 0 native plugins for Editor in 0.00 ms.
Unloading 1803 Unused Serialized files (Serialized files now loaded: 0)
System memory in use before: 88.2 MB.
System memory in use after: 88.2 MB.

Unloading 12 unused Assets to reduce memory usage. Loaded Objects now: 2337.
Total: 2.515500 ms (FindLiveObjects: 0.242600 ms CreateObjectMapping: 0.058100 ms MarkObjects: 2.067400 ms  DeleteObjects: 0.146400 ms)

AssetImportParameters requested are different than current active one (requested -> active):
  custom:graphics/normal-map-encoding: 01000000000000000000000000000000 -> 02000000000000000000000000000000
========================================================================
Received Prepare
Registering precompiled user dll's ...
Registered in 0.001613 seconds.
Begin MonoManager ReloadAssembly
Native extension for WindowsStandalone target not found
Native extension for WebGL target not found
Refreshing native plugins compatible for Editor in 0.54 ms, found 1 plugins.
Preloading 0 native plugins for Editor in 0.00 ms.
Invoked RoslynAnalysisRunner static constructor.
RoslynAnalysisRunner will not be running.
RoslynAnalysisRunner has terminated.
Mono: successfully reloaded assembly
- Completed reload, in  1.302 seconds
Platform modules already initialized, skipping
Switching build target platform(5) subTarget(0) extendedPlatform(0) -> platform(13) subTarget(537395200) extendedPlatform(0)
Refreshing native plugins compatible for Editor in 0.57 ms, found 1 plugins.
Preloading 0 native plugins for Editor in 0.00 ms.
Unloading 1803 Unused Serialized files (Serialized files now loaded: 0)
System memory in use before: 88.2 MB.
System memory in use after: 88.2 MB.

Unloading 12 unused Assets to reduce memory usage. Loaded Objects now: 2340.
Total: 2.754800 ms (FindLiveObjects: 0.358600 ms CreateObjectMapping: 0.081300 ms MarkObjects: 2.164300 ms  DeleteObjects: 0.149300 ms)

AssetImportParameters requested are different than current active one (requested -> active):
  custom:graphics/normal-map-encoding: 01000000000000000000000000000000 -> 02000000000000000000000000000000
========================================================================
Received Prepare
Registering precompiled user dll's ...
Registered in 0.001650 seconds.
Begin MonoManager ReloadAssembly
Native extension for WindowsStandalone target not found
Native extension for WebGL target not found
Refreshing native plugins compatible for Editor in 0.54 ms, found 1 plugins.
Preloading 0 native plugins for Editor in 0.00 ms.
Invoked RoslynAnalysisRunner static constructor.
RoslynAnalysisRunner will not be running.
RoslynAnalysisRunner has terminated.
Mono: successfully reloaded assembly
- Completed reload, in  1.300 seconds
Platform modules already initialized, skipping
Switching build target platform(5) subTarget(0) extendedPlatform(0) -> platform(13) subTarget(537395200) extendedPlatform(0)
Refreshing native plugins compatible for Editor in 0.74 ms, found 1 plugins.
Preloading 0 native plugins for Editor in 0.00 ms.
Unloading 1803 Unused Serialized files (Serialized files now loaded: 0)
System memory in use before: 88.2 MB.
System memory in use after: 88.2 MB.

Unloading 12 unused Assets to reduce memory usage. Loaded Objects now: 2343.
Total: 2.558300 ms (FindLiveObjects: 0.245400 ms CreateObjectMapping: 0.057600 ms MarkObjects: 2.103100 ms  DeleteObjects: 0.150900 ms)

AssetImportParameters requested are different than current active one (requested -> active):
  custom:graphics/normal-map-encoding: 01000000000000000000000000000000 -> 02000000000000000000000000000000
========================================================================
Received Import Request.
  Time since last request: 287.810114 seconds.
  path: Assets/Scenes/GameScene.unity
  artifactKey: Guid(2cda990e2423bbf4892e6590ba056729) Importer(815301076,1909f56bfc062723c751e8b465ee728b)
Start importing Assets/Scenes/GameScene.unity using Guid(2cda990e2423bbf4892e6590ba056729) Importer(815301076,1909f56bfc062723c751e8b465ee728b)  -> (artifact id: '811e511a4327517d86fc9d24095134ee') in 0.026427 seconds
  Import took 0.030788 seconds .

========================================================================
Received Import Request.
  Time since last request: 3.997562 seconds.
  path: Assets/Scenes/MainMenu.unity
  artifactKey: Guid(8265f97ada90085409df76108e772d8b) Importer(815301076,1909f56bfc062723c751e8b465ee728b)
Start importing Assets/Scenes/MainMenu.unity using Guid(8265f97ada90085409df76108e772d8b) Importer(815301076,1909f56bfc062723c751e8b465ee728b)  -> (artifact id: '755d7701e91ab726cfaec6a0912e5716') in 0.011028 seconds
  Import took 0.014816 seconds .

========================================================================
Received Prepare
Registering precompiled user dll's ...
Registered in 0.001590 seconds.
Begin MonoManager ReloadAssembly
Native extension for WindowsStandalone target not found
Native extension for WebGL target not found
Refreshing native plugins compatible for Editor in 0.86 ms, found 1 plugins.
Preloading 0 native plugins for Editor in 0.00 ms.
Invoked RoslynAnalysisRunner static constructor.
RoslynAnalysisRunner will not be running.
RoslynAnalysisRunner has terminated.
Mono: successfully reloaded assembly
- Completed reload, in  1.312 seconds
Platform modules already initialized, skipping
Switching build target platform(5) subTarget(0) extendedPlatform(0) -> platform(13) subTarget(537395200) extendedPlatform(0)
Refreshing native plugins compatible for Editor in 0.55 ms, found 1 plugins.
Preloading 0 native plugins for Editor in 0.00 ms.
Unloading 1803 Unused Serialized files (Serialized files now loaded: 0)
System memory in use before: 88.2 MB.
System memory in use after: 88.2 MB.

Unloading 12 unused Assets to reduce memory usage. Loaded Objects now: 2346.
Total: 2.574000 ms (FindLiveObjects: 0.246500 ms CreateObjectMapping: 0.057200 ms MarkObjects: 2.111300 ms  DeleteObjects: 0.157900 ms)

AssetImportParameters requested are different than current active one (requested -> active):
  custom:graphics/normal-map-encoding: 01000000000000000000000000000000 -> 02000000000000000000000000000000
========================================================================
Received Prepare
Registering precompiled user dll's ...
Registered in 0.001630 seconds.
Begin MonoManager ReloadAssembly
Native extension for WindowsStandalone target not found
Native extension for WebGL target not found
Refreshing native plugins compatible for Editor in 0.54 ms, found 1 plugins.
Preloading 0 native plugins for Editor in 0.00 ms.
Invoked RoslynAnalysisRunner static constructor.
RoslynAnalysisRunner will not be running.
RoslynAnalysisRunner has terminated.
Mono: successfully reloaded assembly
- Completed reload, in  1.379 seconds
Platform modules already initialized, skipping
Switching build target platform(5) subTarget(0) extendedPlatform(0) -> platform(13) subTarget(537395200) extendedPlatform(0)
Refreshing native plugins compatible for Editor in 0.54 ms, found 1 plugins.
Preloading 0 native plugins for Editor in 0.00 ms.
Unloading 1803 Unused Serialized files (Serialized files now loaded: 0)
System memory in use before: 88.2 MB.
System memory in use after: 88.2 MB.

Unloading 12 unused Assets to reduce memory usage. Loaded Objects now: 2349.
Total: 2.698100 ms (FindLiveObjects: 0.254500 ms CreateObjectMapping: 0.058700 ms MarkObjects: 2.217800 ms  DeleteObjects: 0.165400 ms)

AssetImportParameters requested are different than current active one (requested -> active):
  custom:graphics/normal-map-encoding: 01000000000000000000000000000000 -> 02000000000000000000000000000000
========================================================================
Received Prepare
Registering precompiled user dll's ...
Registered in 0.001687 seconds.
Begin MonoManager ReloadAssembly
Native extension for WindowsStandalone target not found
Native extension for WebGL target not found
Refreshing native plugins compatible for Editor in 0.54 ms, found 1 plugins.
Preloading 0 native plugins for Editor in 0.00 ms.
Invoked RoslynAnalysisRunner static constructor.
RoslynAnalysisRunner will not be running.
RoslynAnalysisRunner has terminated.
Mono: successfully reloaded assembly
- Completed reload, in  1.351 seconds
Platform modules already initialized, skipping
Switching build target platform(5) subTarget(0) extendedPlatform(0) -> platform(13) subTarget(537395200) extendedPlatform(0)
Refreshing native plugins compatible for Editor in 0.68 ms, found 1 plugins.
Preloading 0 native plugins for Editor in 0.00 ms.
Unloading 1803 Unused Serialized files (Serialized files now loaded: 0)
System memory in use before: 88.2 MB.
System memory in use after: 88.2 MB.

Unloading 12 unused Assets to reduce memory usage. Loaded Objects now: 2352.
Total: 3.359400 ms (FindLiveObjects: 0.444500 ms CreateObjectMapping: 0.067200 ms MarkObjects: 2.656300 ms  DeleteObjects: 0.189500 ms)

AssetImportParameters requested are different than current active one (requested -> active):
  custom:graphics/normal-map-encoding: 01000000000000000000000000000000 -> 02000000000000000000000000000000
========================================================================
Received Prepare
Registering precompiled user dll's ...
Registered in 0.001966 seconds.
Begin MonoManager ReloadAssembly
Native extension for WindowsStandalone target not found
Native extension for WebGL target not found
Refreshing native plugins compatible for Editor in 0.59 ms, found 1 plugins.
Preloading 0 native plugins for Editor in 0.00 ms.
Invoked RoslynAnalysisRunner static constructor.
RoslynAnalysisRunner will not be running.
RoslynAnalysisRunner has terminated.
Mono: successfully reloaded assembly
- Completed reload, in  1.355 seconds
Platform modules already initialized, skipping
Switching build target platform(5) subTarget(0) extendedPlatform(0) -> platform(13) subTarget(537395200) extendedPlatform(0)
Refreshing native plugins compatible for Editor in 0.56 ms, found 1 plugins.
Preloading 0 native plugins for Editor in 0.00 ms.
Unloading 1803 Unused Serialized files (Serialized files now loaded: 0)
System memory in use before: 88.2 MB.
System memory in use after: 88.2 MB.

Unloading 12 unused Assets to reduce memory usage. Loaded Objects now: 2355.
Total: 3.263700 ms (FindLiveObjects: 0.302200 ms CreateObjectMapping: 0.058300 ms MarkObjects: 2.709800 ms  DeleteObjects: 0.191600 ms)

AssetImportParameters requested are different than current active one (requested -> active):
  custom:graphics/normal-map-encoding: 01000000000000000000000000000000 -> 02000000000000000000000000000000
========================================================================
Received Import Request.
  Time since last request: 464.658724 seconds.
  path: Assets/Scenes/GameScene.unity
  artifactKey: Guid(2cda990e2423bbf4892e6590ba056729) Importer(815301076,1909f56bfc062723c751e8b465ee728b)
Start importing Assets/Scenes/GameScene.unity using Guid(2cda990e2423bbf4892e6590ba056729) Importer(815301076,1909f56bfc062723c751e8b465ee728b)  -> (artifact id: '311ac9dd1337936a9603961b3966d244') in 0.019218 seconds
  Import took 0.023209 seconds .

========================================================================
Received Prepare
Registering precompiled user dll's ...
Registered in 0.001584 seconds.
Begin MonoManager ReloadAssembly
Native extension for WindowsStandalone target not found
Native extension for WebGL target not found
Refreshing native plugins compatible for Editor in 0.58 ms, found 1 plugins.
Preloading 0 native plugins for Editor in 0.00 ms.
Invoked RoslynAnalysisRunner static constructor.
RoslynAnalysisRunner will not be running.
RoslynAnalysisRunner has terminated.
Mono: successfully reloaded assembly
- Completed reload, in  1.344 seconds
Platform modules already initialized, skipping
Switching build target platform(5) subTarget(0) extendedPlatform(0) -> platform(13) subTarget(537395200) extendedPlatform(0)
Refreshing native plugins compatible for Editor in 0.63 ms, found 1 plugins.
Preloading 0 native plugins for Editor in 0.00 ms.
Unloading 1803 Unused Serialized files (Serialized files now loaded: 0)
System memory in use before: 88.2 MB.
System memory in use after: 88.2 MB.

Unloading 12 unused Assets to reduce memory usage. Loaded Objects now: 2358.
Total: 2.742500 ms (FindLiveObjects: 0.282100 ms CreateObjectMapping: 0.058200 ms MarkObjects: 2.247000 ms  DeleteObjects: 0.153900 ms)

AssetImportParameters requested are different than current active one (requested -> active):
  custom:graphics/normal-map-encoding: 01000000000000000000000000000000 -> 02000000000000000000000000000000
========================================================================
Received Prepare
Registering precompiled user dll's ...
Registered in 0.002458 seconds.
Begin MonoManager ReloadAssembly
Native extension for WindowsStandalone target not found
Native extension for WebGL target not found
Refreshing native plugins compatible for Editor in 0.54 ms, found 1 plugins.
Preloading 0 native plugins for Editor in 0.00 ms.
Invoked RoslynAnalysisRunner static constructor.
RoslynAnalysisRunner will not be running.
RoslynAnalysisRunner has terminated.
Mono: successfully reloaded assembly
- Completed reload, in  1.468 seconds
Platform modules already initialized, skipping
Switching build target platform(5) subTarget(0) extendedPlatform(0) -> platform(13) subTarget(537395200) extendedPlatform(0)
Refreshing native plugins compatible for Editor in 0.73 ms, found 1 plugins.
Preloading 0 native plugins for Editor in 0.00 ms.
Unloading 1803 Unused Serialized files (Serialized files now loaded: 0)
System memory in use before: 88.2 MB.
System memory in use after: 88.2 MB.

Unloading 12 unused Assets to reduce memory usage. Loaded Objects now: 2361.
Total: 3.120100 ms (FindLiveObjects: 0.386900 ms CreateObjectMapping: 0.064400 ms MarkObjects: 2.495300 ms  DeleteObjects: 0.171800 ms)

AssetImportParameters requested are different than current active one (requested -> active):
  custom:graphics/normal-map-encoding: 01000000000000000000000000000000 -> 02000000000000000000000000000000
========================================================================
Received Prepare
Refreshing native plugins compatible for Editor in 3.83 ms, found 1 plugins.
Preloading 0 native plugins for Editor in 0.00 ms.
Unloading 10 Unused Serialized files (Serialized files now loaded: 0)
System memory in use before: 52.9 MB.
System memory in use after: 52.9 MB.

Unloading 10 unused Assets to reduce memory usage. Loaded Objects now: 2361.
Total: 2.652700 ms (FindLiveObjects: 0.256900 ms CreateObjectMapping: 0.062300 ms MarkObjects: 2.180900 ms  DeleteObjects: 0.151100 ms)

AssetImportWorkerClient::OnTransportError - code=2 error=End of file
